# JRE version: Java(TM) SE Runtime Environment (8.0_171-b11) (build 1.8.0_171-b11)
# Java VM: Java HotSpot(TM) 64-Bit Server VM (25.171-b11 mixed mode windows-amd64 compressed oops)
Heap:
 PSYoungGen      total 107520K, used 65309K [0x00000000e0980000, 0x00000000e8000000, 0x0000000100000000)
  eden space 96768K, 58% used [0x00000000e0980000,0x00000000e412f220,0x00000000e6800000)
  from space 10752K, 77% used [0x00000000e7580000,0x00000000e7d98410,0x00000000e8000000)
  to   space 12288K, 0% used [0x00000000e6800000,0x00000000e6800000,0x00000000e7400000)
 ParOldGen       total 91136K, used 39522K [0x00000000a1c00000, 0x00000000a7500000, 0x00000000e0980000)
  object space 91136K, 43% used [0x00000000a1c00000,0x00000000a42988e0,0x00000000a7500000)
 Metaspace       used 27719K, capacity 28772K, committed 29056K, reserved 1075200K
  class space    used 3634K, capacity 3853K, committed 3968K, reserved 1048576K
GC Heap History (10 events):
Event: 21.263 GC heap before
{Heap before GC invocations=11 (full 1):
 PSYoungGen      total 91648K, used 86040K [0x00000000e0980000, 0x00000000e7a80000, 0x0000000100000000)
  eden space 76800K, 99% used [0x00000000e0980000,0x00000000e5461d18,0x00000000e5480000)
  from space 14848K, 63% used [0x00000000e5480000,0x00000000e5da4420,0x00000000e6300000)
  to   space 14848K, 0% used [0x00000000e6c00000,0x00000000e6c00000,0x00000000e7a80000)
 ParOldGen       total 91136K, used 39482K [0x00000000a1c00000, 0x00000000a7500000, 0x00000000e0980000)
  object space 91136K, 43% used [0x00000000a1c00000,0x00000000a428e8e0,0x00000000a7500000)
 Metaspace       used 27351K, capacity 28448K, committed 28800K, reserved 1075200K
  class space    used 3633K, capacity 3853K, committed 3968K, reserved 1048576K
Event: 21.268 GC heap after
Heap after GC invocations=11 (full 1):
 PSYoungGen      total 95744K, used 8161K [0x00000000e0980000, 0x00000000e7700000, 0x0000000100000000)
  eden space 84480K, 0% used [0x00000000e0980000,0x00000000e0980000,0x00000000e5c00000)
  from space 11264K, 72% used [0x00000000e6c00000,0x00000000e73f8410,0x00000000e7700000)
  to   space 13824K, 0% used [0x00000000e5c00000,0x00000000e5c00000,0x00000000e6980000)
 ParOldGen       total 91136K, used 39490K [0x00000000a1c00000, 0x00000000a7500000, 0x00000000e0980000)
  object space 91136K, 43% used [0x00000000a1c00000,0x00000000a42908e0,0x00000000a7500000)
 Metaspace       used 27351K, capacity 28448K, committed 28800K, reserved 1075200K
  class space    used 3633K, capacity 3853K, committed 3968K, reserved 1048576K
}
Event: 23.506 GC heap before
{Heap before GC invocations=12 (full 1):
 PSYoungGen      total 95744K, used 92378K [0x00000000e0980000, 0x00000000e7700000, 0x0000000100000000)
  eden space 84480K, 99% used [0x00000000e0980000,0x00000000e5bbe4a0,0x00000000e5c00000)
  from space 11264K, 72% used [0x00000000e6c00000,0x00000000e73f8410,0x00000000e7700000)
  to   space 13824K, 0% used [0x00000000e5c00000,0x00000000e5c00000,0x00000000e6980000)
 ParOldGen       total 91136K, used 39490K [0x00000000a1c00000, 0x00000000a7500000, 0x00000000e0980000)
  object space 91136K, 43% used [0x00000000a1c00000,0x00000000a42908e0,0x00000000a7500000)
 Metaspace       used 27408K, capacity 28452K, committed 28800K, reserved 1075200K
  class space    used 3633K, capacity 3853K, committed 3968K, reserved 1048576K
Event: 23.511 GC heap after
Heap after GC invocations=12 (full 1):
 PSYoungGen      total 98304K, used 8177K [0x00000000e0980000, 0x00000000e7d80000, 0x0000000100000000)
  eden space 84480K, 0% used [0x00000000e0980000,0x00000000e0980000,0x00000000e5c00000)
  from space 13824K, 59% used [0x00000000e5c00000,0x00000000e63fc420,0x00000000e6980000)
  to   space 13312K, 0% used [0x00000000e7080000,0x00000000e7080000,0x00000000e7d80000)
 ParOldGen       total 91136K, used 39498K [0x00000000a1c00000, 0x00000000a7500000, 0x00000000e0980000)
  object space 91136K, 43% used [0x00000000a1c00000,0x00000000a42928e0,0x00000000a7500000)
 Metaspace       used 27408K, capacity 28452K, committed 28800K, reserved 1075200K
  class space    used 3633K, capacity 3853K, committed 3968K, reserved 1048576K
}
Event: 25.813 GC heap before
{Heap before GC invocations=13 (full 1):
 PSYoungGen      total 98304K, used 92555K [0x00000000e0980000, 0x00000000e7d80000, 0x0000000100000000)
  eden space 84480K, 99% used [0x00000000e0980000,0x00000000e5be6940,0x00000000e5c00000)
  from space 13824K, 59% used [0x00000000e5c00000,0x00000000e63fc420,0x00000000e6980000)
  to   space 13312K, 0% used [0x00000000e7080000,0x00000000e7080000,0x00000000e7d80000)
 ParOldGen       total 91136K, used 39498K [0x00000000a1c00000, 0x00000000a7500000, 0x00000000e0980000)
  object space 91136K, 43% used [0x00000000a1c00000,0x00000000a42928e0,0x00000000a7500000)
 Metaspace       used 27446K, capacity 28516K, committed 28800K, reserved 1075200K
  class space    used 3633K, capacity 3853K, committed 3968K, reserved 1048576K
Event: 25.818 GC heap after
Heap after GC invocations=13 (full 1):
 PSYoungGen      total 102400K, used 8177K [0x00000000e0980000, 0x00000000e7b80000, 0x0000000100000000)
  eden space 91136K, 0% used [0x00000000e0980000,0x00000000e0980000,0x00000000e6280000)
  from space 11264K, 72% used [0x00000000e7080000,0x00000000e787c420,0x00000000e7b80000)
  to   space 12800K, 0% used [0x00000000e6280000,0x00000000e6280000,0x00000000e6f00000)
 ParOldGen       total 91136K, used 39506K [0x00000000a1c00000, 0x00000000a7500000, 0x00000000e0980000)
  object space 91136K, 43% used [0x00000000a1c00000,0x00000000a42948e0,0x00000000a7500000)
 Metaspace       used 27446K, capacity 28516K, committed 28800K, reserved 1075200K
  class space    used 3633K, capacity 3853K, committed 3968K, reserved 1048576K
}
Event: 28.172 GC heap before
{Heap before GC invocations=14 (full 1):
 PSYoungGen      total 102400K, used 98525K [0x00000000e0980000, 0x00000000e7b80000, 0x0000000100000000)
  eden space 91136K, 99% used [0x00000000e0980000,0x00000000e61bb0f8,0x00000000e6280000)
  from space 11264K, 72% used [0x00000000e7080000,0x00000000e787c420,0x00000000e7b80000)
  to   space 12800K, 0% used [0x00000000e6280000,0x00000000e6280000,0x00000000e6f00000)
 ParOldGen       total 91136K, used 39506K [0x00000000a1c00000, 0x00000000a7500000, 0x00000000e0980000)
  object space 91136K, 43% used [0x00000000a1c00000,0x00000000a42948e0,0x00000000a7500000)
 Metaspace       used 27529K, capacity 28580K, committed 28800K, reserved 1075200K
  class space    used 3634K, capacity 3853K, committed 3968K, reserved 1048576K
Event: 28.178 GC heap after
Heap after GC invocations=14 (full 1):
 PSYoungGen      total 103936K, used 9409K [0x00000000e0980000, 0x00000000e8200000, 0x0000000100000000)
  eden space 91136K, 0% used [0x00000000e0980000,0x00000000e0980000,0x00000000e6280000)
  from space 12800K, 73% used [0x00000000e6280000,0x00000000e6bb0430,0x00000000e6f00000)
  to   space 12800K, 0% used [0x00000000e7580000,0x00000000e7580000,0x00000000e8200000)
 ParOldGen       total 91136K, used 39514K [0x00000000a1c00000, 0x00000000a7500000, 0x00000000e0980000)
  object space 91136K, 43% used [0x00000000a1c00000,0x00000000a42968e0,0x00000000a7500000)
 Metaspace       used 27529K, capacity 28580K, committed 28800K, reserved 1075200K
  class space    used 3634K, capacity 3853K, committed 3968K, reserved 1048576K
}
Event: 30.628 GC heap before
{Heap before GC invocations=15 (full 1):
 PSYoungGen      total 103936K, used 99628K [0x00000000e0980000, 0x00000000e8200000, 0x0000000100000000)
  eden space 91136K, 98% used [0x00000000e0980000,0x00000000e619afa0,0x00000000e6280000)
  from space 12800K, 73% used [0x00000000e6280000,0x00000000e6bb0430,0x00000000e6f00000)
  to   space 12800K, 0% used [0x00000000e7580000,0x00000000e7580000,0x00000000e8200000)
 ParOldGen       total 91136K, used 39514K [0x00000000a1c00000, 0x00000000a7500000, 0x00000000e0980000)
  object space 91136K, 43% used [0x00000000a1c00000,0x00000000a42968e0,0x00000000a7500000)
 Metaspace       used 27713K, capacity 28772K, committed 29056K, reserved 1075200K
  class space    used 3634K, capacity 3853K, committed 3968K, reserved 1048576K
Event: 30.633 GC heap after
Heap after GC invocations=15 (full 1):
 PSYoungGen      total 107520K, used 8289K [0x00000000e0980000, 0x00000000e8000000, 0x0000000100000000)
  eden space 96768K, 0% used [0x00000000e0980000,0x00000000e0980000,0x00000000e6800000)
  from space 10752K, 77% used [0x00000000e7580000,0x00000000e7d98410,0x00000000e8000000)
  to   space 12288K, 0% used [0x00000000e6800000,0x00000000e6800000,0x00000000e7400000)
 ParOldGen       total 91136K, used 39522K [0x00000000a1c00000, 0x00000000a7500000, 0x00000000e0980000)
  object space 91136K, 43% used [0x00000000a1c00000,0x00000000a42988e0,0x00000000a7500000)
 Metaspace       used 27713K, capacity 28772K, committed 29056K, reserved 1075200K
  class space    used 3634K, capacity 3853K, committed 3968K, reserved 1048576K
}

