# JRE version: Java(TM) SE Runtime Environment (8.0_171-b11) (build 1.8.0_171-b11)
# Java VM: Java HotSpot(TM) 64-Bit Server VM (25.171-b11 mixed mode windows-amd64 compressed oops)
Heap:
 PSYoungGen      total 55296K, used 29528K [0x00000000d5e00000, 0x00000000d9b00000, 0x0000000100000000)
  eden space 48128K, 58% used [0x00000000d5e00000,0x00000000d797a1f0,0x00000000d8d00000)
  from space 7168K, 19% used [0x00000000d9400000,0x00000000d955c010,0x00000000d9b00000)
  to   space 7168K, 0% used [0x00000000d8d00000,0x00000000d8d00000,0x00000000d9400000)
 ParOldGen       total 174592K, used 53097K [0x0000000081a00000, 0x000000008c480000, 0x00000000d5e00000)
  object space 174592K, 30% used [0x0000000081a00000,0x0000000084dda700,0x000000008c480000)
 Metaspace       used 29243K, capacity 30338K, committed 30592K, reserved 1075200K
  class space    used 3722K, capacity 3958K, committed 3968K, reserved 1048576K
GC Heap History (10 events):
Event: 181.151 GC heap before
{Heap before GC invocations=175 (full 3):
 PSYoungGen      total 52736K, used 48512K [0x00000000d5e00000, 0x00000000d9980000, 0x0000000100000000)
  eden space 45568K, 98% used [0x00000000d5e00000,0x00000000d89b41f8,0x00000000d8a80000)
  from space 7168K, 52% used [0x00000000d8a80000,0x00000000d8e2c030,0x00000000d9180000)
  to   space 7168K, 0% used [0x00000000d9280000,0x00000000d9280000,0x00000000d9980000)
 ParOldGen       total 174592K, used 53097K [0x0000000081a00000, 0x000000008c480000, 0x00000000d5e00000)
  object space 174592K, 30% used [0x0000000081a00000,0x0000000084dda700,0x000000008c480000)
 Metaspace       used 29209K, capacity 30338K, committed 30592K, reserved 1075200K
  class space    used 3722K, capacity 3958K, committed 3968K, reserved 1048576K
Event: 181.153 GC heap after
Heap after GC invocations=175 (full 3):
 PSYoungGen      total 53760K, used 3760K [0x00000000d5e00000, 0x00000000d9980000, 0x0000000100000000)
  eden space 46592K, 0% used [0x00000000d5e00000,0x00000000d5e00000,0x00000000d8b80000)
  from space 7168K, 52% used [0x00000000d9280000,0x00000000d962c030,0x00000000d9980000)
  to   space 7168K, 0% used [0x00000000d8b80000,0x00000000d8b80000,0x00000000d9280000)
 ParOldGen       total 174592K, used 53097K [0x0000000081a00000, 0x000000008c480000, 0x00000000d5e00000)
  object space 174592K, 30% used [0x0000000081a00000,0x0000000084dda700,0x000000008c480000)
 Metaspace       used 29209K, capacity 30338K, committed 30592K, reserved 1075200K
  class space    used 3722K, capacity 3958K, committed 3968K, reserved 1048576K
}
Event: 182.431 GC heap before
{Heap before GC invocations=176 (full 3):
 PSYoungGen      total 53760K, used 49711K [0x00000000d5e00000, 0x00000000d9980000, 0x0000000100000000)
  eden space 46592K, 98% used [0x00000000d5e00000,0x00000000d8adffc0,0x00000000d8b80000)
  from space 7168K, 52% used [0x00000000d9280000,0x00000000d962c030,0x00000000d9980000)
  to   space 7168K, 0% used [0x00000000d8b80000,0x00000000d8b80000,0x00000000d9280000)
 ParOldGen       total 174592K, used 53097K [0x0000000081a00000, 0x000000008c480000, 0x00000000d5e00000)
  object space 174592K, 30% used [0x0000000081a00000,0x0000000084dda700,0x000000008c480000)
 Metaspace       used 29209K, capacity 30338K, committed 30592K, reserved 1075200K
  class space    used 3722K, capacity 3958K, committed 3968K, reserved 1048576K
Event: 182.432 GC heap after
Heap after GC invocations=176 (full 3):
 PSYoungGen      total 53760K, used 1360K [0x00000000d5e00000, 0x00000000d9980000, 0x0000000100000000)
  eden space 46592K, 0% used [0x00000000d5e00000,0x00000000d5e00000,0x00000000d8b80000)
  from space 7168K, 18% used [0x00000000d8b80000,0x00000000d8cd4010,0x00000000d9280000)
  to   space 6656K, 0% used [0x00000000d9300000,0x00000000d9300000,0x00000000d9980000)
 ParOldGen       total 174592K, used 53097K [0x0000000081a00000, 0x000000008c480000, 0x00000000d5e00000)
  object space 174592K, 30% used [0x0000000081a00000,0x0000000084dda700,0x000000008c480000)
 Metaspace       used 29209K, capacity 30338K, committed 30592K, reserved 1075200K
  class space    used 3722K, capacity 3958K, committed 3968K, reserved 1048576K
}
Event: 183.631 GC heap before
{Heap before GC invocations=177 (full 3):
 PSYoungGen      total 53760K, used 47234K [0x00000000d5e00000, 0x00000000d9980000, 0x0000000100000000)
  eden space 46592K, 98% used [0x00000000d5e00000,0x00000000d8accbd0,0x00000000d8b80000)
  from space 7168K, 18% used [0x00000000d8b80000,0x00000000d8cd4010,0x00000000d9280000)
  to   space 6656K, 0% used [0x00000000d9300000,0x00000000d9300000,0x00000000d9980000)
 ParOldGen       total 174592K, used 53097K [0x0000000081a00000, 0x000000008c480000, 0x00000000d5e00000)
  object space 174592K, 30% used [0x0000000081a00000,0x0000000084dda700,0x000000008c480000)
 Metaspace       used 29210K, capacity 30338K, committed 30592K, reserved 1075200K
  class space    used 3722K, capacity 3958K, committed 3968K, reserved 1048576K
Event: 183.633 GC heap after
Heap after GC invocations=177 (full 3):
 PSYoungGen      total 53760K, used 4960K [0x00000000d5e00000, 0x00000000d9a80000, 0x0000000100000000)
  eden space 47104K, 0% used [0x00000000d5e00000,0x00000000d5e00000,0x00000000d8c00000)
  from space 6656K, 74% used [0x00000000d9300000,0x00000000d97d8040,0x00000000d9980000)
  to   space 7168K, 0% used [0x00000000d8c00000,0x00000000d8c00000,0x00000000d9300000)
 ParOldGen       total 174592K, used 53097K [0x0000000081a00000, 0x000000008c480000, 0x00000000d5e00000)
  object space 174592K, 30% used [0x0000000081a00000,0x0000000084dda700,0x000000008c480000)
 Metaspace       used 29210K, capacity 30338K, committed 30592K, reserved 1075200K
  class space    used 3722K, capacity 3958K, committed 3968K, reserved 1048576K
}
Event: 184.911 GC heap before
{Heap before GC invocations=178 (full 3):
 PSYoungGen      total 53760K, used 51856K [0x00000000d5e00000, 0x00000000d9a80000, 0x0000000100000000)
  eden space 47104K, 99% used [0x00000000d5e00000,0x00000000d8bcc040,0x00000000d8c00000)
  from space 6656K, 74% used [0x00000000d9300000,0x00000000d97d8040,0x00000000d9980000)
  to   space 7168K, 0% used [0x00000000d8c00000,0x00000000d8c00000,0x00000000d9300000)
 ParOldGen       total 174592K, used 53097K [0x0000000081a00000, 0x000000008c480000, 0x00000000d5e00000)
  object space 174592K, 30% used [0x0000000081a00000,0x0000000084dda700,0x000000008c480000)
 Metaspace       used 29210K, capacity 30338K, committed 30592K, reserved 1075200K
  class space    used 3722K, capacity 3958K, committed 3968K, reserved 1048576K
Event: 184.912 GC heap after
Heap after GC invocations=178 (full 3):
 PSYoungGen      total 54272K, used 3760K [0x00000000d5e00000, 0x00000000d9b00000, 0x0000000100000000)
  eden space 47104K, 0% used [0x00000000d5e00000,0x00000000d5e00000,0x00000000d8c00000)
  from space 7168K, 52% used [0x00000000d8c00000,0x00000000d8fac030,0x00000000d9300000)
  to   space 7168K, 0% used [0x00000000d9400000,0x00000000d9400000,0x00000000d9b00000)
 ParOldGen       total 174592K, used 53097K [0x0000000081a00000, 0x000000008c480000, 0x00000000d5e00000)
  object space 174592K, 30% used [0x0000000081a00000,0x0000000084dda700,0x000000008c480000)
 Metaspace       used 29210K, capacity 30338K, committed 30592K, reserved 1075200K
  class space    used 3722K, capacity 3958K, committed 3968K, reserved 1048576K
}
Event: 186.174 GC heap before
{Heap before GC invocations=179 (full 3):
 PSYoungGen      total 54272K, used 49776K [0x00000000d5e00000, 0x00000000d9b00000, 0x0000000100000000)
  eden space 47104K, 97% used [0x00000000d5e00000,0x00000000d8af01d0,0x00000000d8c00000)
  from space 7168K, 52% used [0x00000000d8c00000,0x00000000d8fac030,0x00000000d9300000)
  to   space 7168K, 0% used [0x00000000d9400000,0x00000000d9400000,0x00000000d9b00000)
 ParOldGen       total 174592K, used 53097K [0x0000000081a00000, 0x000000008c480000, 0x00000000d5e00000)
  object space 174592K, 30% used [0x0000000081a00000,0x0000000084dda700,0x000000008c480000)
 Metaspace       used 29212K, capacity 30338K, committed 30592K, reserved 1075200K
  class space    used 3722K, capacity 3958K, committed 3968K, reserved 1048576K
Event: 186.175 GC heap after
Heap after GC invocations=179 (full 3):
 PSYoungGen      total 55296K, used 1392K [0x00000000d5e00000, 0x00000000d9b00000, 0x0000000100000000)
  eden space 48128K, 0% used [0x00000000d5e00000,0x00000000d5e00000,0x00000000d8d00000)
  from space 7168K, 19% used [0x00000000d9400000,0x00000000d955c010,0x00000000d9b00000)
  to   space 7168K, 0% used [0x00000000d8d00000,0x00000000d8d00000,0x00000000d9400000)
 ParOldGen       total 174592K, used 53097K [0x0000000081a00000, 0x000000008c480000, 0x00000000d5e00000)
  object space 174592K, 30% used [0x0000000081a00000,0x0000000084dda700,0x000000008c480000)
 Metaspace       used 29212K, capacity 30338K, committed 30592K, reserved 1075200K
  class space    used 3722K, capacity 3958K, committed 3968K, reserved 1048576K
}

