# JRE version: Java(TM) SE Runtime Environment (8.0_171-b11) (build 1.8.0_171-b11)
# Java VM: Java HotSpot(TM) 64-Bit Server VM (25.171-b11 mixed mode windows-amd64 compressed oops)
Heap:
 PSYoungGen      total 66560K, used 6544K [0x00000000d5e00000, 0x00000000dba00000, 0x0000000100000000)
  eden space 61440K, 2% used [0x00000000d5e00000,0x00000000d5f6bd50,0x00000000d9a00000)
  from space 5120K, 99% used [0x00000000d9f00000,0x00000000da3f8460,0x00000000da400000)
  to   space 16384K, 0% used [0x00000000daa00000,0x00000000daa00000,0x00000000dba00000)
 ParOldGen       total 106496K, used 39873K [0x0000000081a00000, 0x0000000088200000, 0x00000000d5e00000)
  object space 106496K, 37% used [0x0000000081a00000,0x00000000840f07c0,0x0000000088200000)
 Metaspace       used 26524K, capacity 27616K, committed 27952K, reserved 1073152K
  class space    used 3581K, capacity 3821K, committed 3888K, reserved 1048576K
GC Heap History (10 events):
Event: 4.863 GC heap before
{Heap before GC invocations=2 (full 0):
 PSYoungGen      total 38400K, used 37479K [0x00000000d5e00000, 0x00000000d8880000, 0x0000000100000000)
  eden space 33280K, 99% used [0x00000000d5e00000,0x00000000d7e5e118,0x00000000d7e80000)
  from space 5120K, 84% used [0x00000000d7e80000,0x00000000d82bbd20,0x00000000d8380000)
  to   space 5120K, 0% used [0x00000000d8380000,0x00000000d8380000,0x00000000d8880000)
 ParOldGen       total 87552K, used 19266K [0x0000000081a00000, 0x0000000086f80000, 0x00000000d5e00000)
  object space 87552K, 22% used [0x0000000081a00000,0x0000000082cd0810,0x0000000086f80000)
 Metaspace       used 18994K, capacity 19630K, committed 19712K, reserved 1067008K
  class space    used 2573K, capacity 2774K, committed 2816K, reserved 1048576K
Event: 4.871 GC heap after
Heap after GC invocations=2 (full 0):
 PSYoungGen      total 38400K, used 5097K [0x00000000d5e00000, 0x00000000d8880000, 0x0000000100000000)
  eden space 33280K, 0% used [0x00000000d5e00000,0x00000000d5e00000,0x00000000d7e80000)
  from space 5120K, 99% used [0x00000000d8380000,0x00000000d887a460,0x00000000d8880000)
  to   space 5120K, 0% used [0x00000000d7e80000,0x00000000d7e80000,0x00000000d8380000)
 ParOldGen       total 87552K, used 22417K [0x0000000081a00000, 0x0000000086f80000, 0x00000000d5e00000)
  object space 87552K, 25% used [0x0000000081a00000,0x0000000082fe4408,0x0000000086f80000)
 Metaspace       used 18994K, capacity 19630K, committed 19712K, reserved 1067008K
  class space    used 2573K, capacity 2774K, committed 2816K, reserved 1048576K
}
Event: 5.195 GC heap before
{Heap before GC invocations=3 (full 0):
 PSYoungGen      total 38400K, used 20932K [0x00000000d5e00000, 0x00000000d8880000, 0x0000000100000000)
  eden space 33280K, 47% used [0x00000000d5e00000,0x00000000d6d76f50,0x00000000d7e80000)
  from space 5120K, 99% used [0x00000000d8380000,0x00000000d887a460,0x00000000d8880000)
  to   space 5120K, 0% used [0x00000000d7e80000,0x00000000d7e80000,0x00000000d8380000)
 ParOldGen       total 87552K, used 22417K [0x0000000081a00000, 0x0000000086f80000, 0x00000000d5e00000)
  object space 87552K, 25% used [0x0000000081a00000,0x0000000082fe4408,0x0000000086f80000)
 Metaspace       used 20379K, capacity 21258K, committed 21296K, reserved 1067008K
  class space    used 2870K, capacity 3094K, committed 3120K, reserved 1048576K
Event: 5.204 GC heap after
Heap after GC invocations=3 (full 0):
 PSYoungGen      total 38400K, used 5103K [0x00000000d5e00000, 0x00000000da900000, 0x0000000100000000)
  eden space 33280K, 0% used [0x00000000d5e00000,0x00000000d5e00000,0x00000000d7e80000)
  from space 5120K, 99% used [0x00000000d7e80000,0x00000000d837bd78,0x00000000d8380000)
  to   space 5120K, 0% used [0x00000000da400000,0x00000000da400000,0x00000000da900000)
 ParOldGen       total 87552K, used 33355K [0x0000000081a00000, 0x0000000086f80000, 0x00000000d5e00000)
  object space 87552K, 38% used [0x0000000081a00000,0x0000000083a92e00,0x0000000086f80000)
 Metaspace       used 20379K, capacity 21258K, committed 21296K, reserved 1067008K
  class space    used 2870K, capacity 3094K, committed 3120K, reserved 1048576K
}
Event: 5.204 GC heap before
{Heap before GC invocations=4 (full 1):
 PSYoungGen      total 38400K, used 5103K [0x00000000d5e00000, 0x00000000da900000, 0x0000000100000000)
  eden space 33280K, 0% used [0x00000000d5e00000,0x00000000d5e00000,0x00000000d7e80000)
  from space 5120K, 99% used [0x00000000d7e80000,0x00000000d837bd78,0x00000000d8380000)
  to   space 5120K, 0% used [0x00000000da400000,0x00000000da400000,0x00000000da900000)
 ParOldGen       total 87552K, used 33355K [0x0000000081a00000, 0x0000000086f80000, 0x00000000d5e00000)
  object space 87552K, 38% used [0x0000000081a00000,0x0000000083a92e00,0x0000000086f80000)
 Metaspace       used 20379K, capacity 21258K, committed 21296K, reserved 1067008K
  class space    used 2870K, capacity 3094K, committed 3120K, reserved 1048576K
Event: 5.275 GC heap after
Heap after GC invocations=4 (full 1):
 PSYoungGen      total 38400K, used 0K [0x00000000d5e00000, 0x00000000da900000, 0x0000000100000000)
  eden space 33280K, 0% used [0x00000000d5e00000,0x00000000d5e00000,0x00000000d7e80000)
  from space 5120K, 0% used [0x00000000d7e80000,0x00000000d7e80000,0x00000000d8380000)
  to   space 5120K, 0% used [0x00000000da400000,0x00000000da400000,0x00000000da900000)
 ParOldGen       total 106496K, used 38078K [0x0000000081a00000, 0x0000000088200000, 0x00000000d5e00000)
  object space 106496K, 35% used [0x0000000081a00000,0x0000000083f2fb08,0x0000000088200000)
 Metaspace       used 20379K, capacity 21258K, committed 21296K, reserved 1067008K
  class space    used 2870K, capacity 3094K, committed 3120K, reserved 1048576K
}
Event: 14.359 GC heap before
{Heap before GC invocations=5 (full 1):
 PSYoungGen      total 38400K, used 33280K [0x00000000d5e00000, 0x00000000da900000, 0x0000000100000000)
  eden space 33280K, 100% used [0x00000000d5e00000,0x00000000d7e80000,0x00000000d7e80000)
  from space 5120K, 0% used [0x00000000d7e80000,0x00000000d7e80000,0x00000000d8380000)
  to   space 5120K, 0% used [0x00000000da400000,0x00000000da400000,0x00000000da900000)
 ParOldGen       total 106496K, used 38078K [0x0000000081a00000, 0x0000000088200000, 0x00000000d5e00000)
  object space 106496K, 35% used [0x0000000081a00000,0x0000000083f2fb08,0x0000000088200000)
 Metaspace       used 23287K, capacity 24256K, committed 24624K, reserved 1071104K
  class space    used 3272K, capacity 3517K, committed 3632K, reserved 1048576K
Event: 14.363 GC heap after
Heap after GC invocations=5 (full 1):
 PSYoungGen      total 51200K, used 5118K [0x00000000d5e00000, 0x00000000da900000, 0x0000000100000000)
  eden space 46080K, 0% used [0x00000000d5e00000,0x00000000d5e00000,0x00000000d8b00000)
  from space 5120K, 99% used [0x00000000da400000,0x00000000da8ffbe0,0x00000000da900000)
  to   space 5120K, 0% used [0x00000000d9f00000,0x00000000d9f00000,0x00000000da400000)
 ParOldGen       total 106496K, used 38192K [0x0000000081a00000, 0x0000000088200000, 0x00000000d5e00000)
  object space 106496K, 35% used [0x0000000081a00000,0x0000000083f4c380,0x0000000088200000)
 Metaspace       used 23287K, capacity 24256K, committed 24624K, reserved 1071104K
  class space    used 3272K, capacity 3517K, committed 3632K, reserved 1048576K
}
Event: 17.572 GC heap before
{Heap before GC invocations=6 (full 1):
 PSYoungGen      total 51200K, used 51198K [0x00000000d5e00000, 0x00000000da900000, 0x0000000100000000)
  eden space 46080K, 100% used [0x00000000d5e00000,0x00000000d8b00000,0x00000000d8b00000)
  from space 5120K, 99% used [0x00000000da400000,0x00000000da8ffbe0,0x00000000da900000)
  to   space 5120K, 0% used [0x00000000d9f00000,0x00000000d9f00000,0x00000000da400000)
 ParOldGen       total 106496K, used 38192K [0x0000000081a00000, 0x0000000088200000, 0x00000000d5e00000)
  object space 106496K, 35% used [0x0000000081a00000,0x0000000083f4c380,0x0000000088200000)
 Metaspace       used 26515K, capacity 27616K, committed 27952K, reserved 1073152K
  class space    used 3579K, capacity 3821K, committed 3888K, reserved 1048576K
Event: 17.577 GC heap after
Heap after GC invocations=6 (full 1):
 PSYoungGen      total 66560K, used 5089K [0x00000000d5e00000, 0x00000000dba00000, 0x0000000100000000)
  eden space 61440K, 0% used [0x00000000d5e00000,0x00000000d5e00000,0x00000000d9a00000)
  from space 5120K, 99% used [0x00000000d9f00000,0x00000000da3f8460,0x00000000da400000)
  to   space 16384K, 0% used [0x00000000daa00000,0x00000000daa00000,0x00000000dba00000)
 ParOldGen       total 106496K, used 39873K [0x0000000081a00000, 0x0000000088200000, 0x00000000d5e00000)
  object space 106496K, 37% used [0x0000000081a00000,0x00000000840f07c0,0x0000000088200000)
 Metaspace       used 26515K, capacity 27616K, committed 27952K, reserved 1073152K
  class space    used 3579K, capacity 3821K, committed 3888K, reserved 1048576K
}

