# JRE version: Java(TM) SE Runtime Environment (8.0_181-b13) (build 1.8.0_181-b13)
# Java VM: Java HotSpot(TM) 64-Bit Server VM (25.181-b13 mixed mode windows-amd64 compressed oops)
Heap:
 PSYoungGen      total 76288K, used 25886K [0x000000076b500000, 0x0000000772480000, 0x00000007c0000000)
  eden space 65536K, 27% used [0x000000076b500000,0x000000076c6a7058,0x000000076f500000)
  from space 10752K, 72% used [0x000000076f500000,0x000000076fca0b30,0x000000076ff80000)
  to   space 10752K, 0% used [0x0000000771a00000,0x0000000771a00000,0x0000000772480000)
 ParOldGen       total 171520K, used 38307K [0x00000006c1e00000, 0x00000006cc580000, 0x000000076b500000)
  object space 171520K, 22% used [0x00000006c1e00000,0x00000006c4368c68,0x00000006cc580000)
 Metaspace       used 26878K, capacity 27902K, committed 28208K, reserved 1073152K
  class space    used 3621K, capacity 3852K, committed 3888K, reserved 1048576K
GC Heap History (8 events):
Event: 1.374 GC heap before
{Heap before GC invocations=1 (full 0):
 PSYoungGen      total 76288K, used 53349K [0x000000076b500000, 0x0000000770a00000, 0x00000007c0000000)
  eden space 65536K, 81% used [0x000000076b500000,0x000000076e9197c0,0x000000076f500000)
  from space 10752K, 0% used [0x000000076ff80000,0x000000076ff80000,0x0000000770a00000)
  to   space 10752K, 0% used [0x000000076f500000,0x000000076f500000,0x000000076ff80000)
 ParOldGen       total 175104K, used 0K [0x00000006c1e00000, 0x00000006cc900000, 0x000000076b500000)
  object space 175104K, 0% used [0x00000006c1e00000,0x00000006c1e00000,0x00000006cc900000)
 Metaspace       used 18688K, capacity 19368K, committed 19712K, reserved 1067008K
  class space    used 2528K, capacity 2709K, committed 2816K, reserved 1048576K
Event: 1.379 GC heap after
Heap after GC invocations=1 (full 0):
 PSYoungGen      total 76288K, used 7230K [0x000000076b500000, 0x0000000770a00000, 0x00000007c0000000)
  eden space 65536K, 0% used [0x000000076b500000,0x000000076b500000,0x000000076f500000)
  from space 10752K, 67% used [0x000000076f500000,0x000000076fc0f910,0x000000076ff80000)
  to   space 10752K, 0% used [0x000000076ff80000,0x000000076ff80000,0x0000000770a00000)
 ParOldGen       total 175104K, used 80K [0x00000006c1e00000, 0x00000006cc900000, 0x000000076b500000)
  object space 175104K, 0% used [0x00000006c1e00000,0x00000006c1e14010,0x00000006cc900000)
 Metaspace       used 18688K, capacity 19368K, committed 19712K, reserved 1067008K
  class space    used 2528K, capacity 2709K, committed 2816K, reserved 1048576K
}
Event: 1.733 GC heap before
{Heap before GC invocations=2 (full 0):
 PSYoungGen      total 76288K, used 48471K [0x000000076b500000, 0x0000000770a00000, 0x00000007c0000000)
  eden space 65536K, 62% used [0x000000076b500000,0x000000076dd46428,0x000000076f500000)
  from space 10752K, 67% used [0x000000076f500000,0x000000076fc0f910,0x000000076ff80000)
  to   space 10752K, 0% used [0x000000076ff80000,0x000000076ff80000,0x0000000770a00000)
 ParOldGen       total 175104K, used 80K [0x00000006c1e00000, 0x00000006cc900000, 0x000000076b500000)
  object space 175104K, 0% used [0x00000006c1e00000,0x00000006c1e14010,0x00000006cc900000)
 Metaspace       used 20424K, capacity 21252K, committed 21296K, reserved 1067008K
  class space    used 2897K, capacity 3093K, committed 3120K, reserved 1048576K
Event: 1.747 GC heap after
Heap after GC invocations=2 (full 0):
 PSYoungGen      total 76288K, used 10744K [0x000000076b500000, 0x0000000774a00000, 0x00000007c0000000)
  eden space 65536K, 0% used [0x000000076b500000,0x000000076b500000,0x000000076f500000)
  from space 10752K, 99% used [0x000000076ff80000,0x00000007709fe238,0x0000000770a00000)
  to   space 10752K, 0% used [0x000000076f500000,0x000000076f500000,0x000000076ff80000)
 ParOldGen       total 175104K, used 27666K [0x00000006c1e00000, 0x00000006cc900000, 0x000000076b500000)
  object space 175104K, 15% used [0x00000006c1e00000,0x00000006c3904940,0x00000006cc900000)
 Metaspace       used 20424K, capacity 21252K, committed 21296K, reserved 1067008K
  class space    used 2897K, capacity 3093K, committed 3120K, reserved 1048576K
}
Event: 1.747 GC heap before
{Heap before GC invocations=3 (full 1):
 PSYoungGen      total 76288K, used 10744K [0x000000076b500000, 0x0000000774a00000, 0x00000007c0000000)
  eden space 65536K, 0% used [0x000000076b500000,0x000000076b500000,0x000000076f500000)
  from space 10752K, 99% used [0x000000076ff80000,0x00000007709fe238,0x0000000770a00000)
  to   space 10752K, 0% used [0x000000076f500000,0x000000076f500000,0x000000076ff80000)
 ParOldGen       total 175104K, used 27666K [0x00000006c1e00000, 0x00000006cc900000, 0x000000076b500000)
  object space 175104K, 15% used [0x00000006c1e00000,0x00000006c3904940,0x00000006cc900000)
 Metaspace       used 20424K, capacity 21252K, committed 21296K, reserved 1067008K
  class space    used 2897K, capacity 3093K, committed 3120K, reserved 1048576K
Event: 1.781 GC heap after
Heap after GC invocations=3 (full 1):
 PSYoungGen      total 76288K, used 0K [0x000000076b500000, 0x0000000774a00000, 0x00000007c0000000)
  eden space 65536K, 0% used [0x000000076b500000,0x000000076b500000,0x000000076f500000)
  from space 10752K, 0% used [0x000000076ff80000,0x000000076ff80000,0x0000000770a00000)
  to   space 10752K, 0% used [0x000000076f500000,0x000000076f500000,0x000000076ff80000)
 ParOldGen       total 171520K, used 38299K [0x00000006c1e00000, 0x00000006cc580000, 0x000000076b500000)
  object space 171520K, 22% used [0x00000006c1e00000,0x00000006c4366c68,0x00000006cc580000)
 Metaspace       used 20424K, capacity 21252K, committed 21296K, reserved 1067008K
  class space    used 2897K, capacity 3093K, committed 3120K, reserved 1048576K
}
Event: 5.212 GC heap before
{Heap before GC invocations=4 (full 1):
 PSYoungGen      total 76288K, used 65536K [0x000000076b500000, 0x0000000774a00000, 0x00000007c0000000)
  eden space 65536K, 100% used [0x000000076b500000,0x000000076f500000,0x000000076f500000)
  from space 10752K, 0% used [0x000000076ff80000,0x000000076ff80000,0x0000000770a00000)
  to   space 10752K, 0% used [0x000000076f500000,0x000000076f500000,0x000000076ff80000)
 ParOldGen       total 171520K, used 38299K [0x00000006c1e00000, 0x00000006cc580000, 0x000000076b500000)
  object space 171520K, 22% used [0x00000006c1e00000,0x00000006c4366c68,0x00000006cc580000)
 Metaspace       used 24178K, capacity 25214K, committed 25392K, reserved 1071104K
  class space    used 3350K, capacity 3580K, committed 3632K, reserved 1048576K
Event: 5.215 GC heap after
Heap after GC invocations=4 (full 1):
 PSYoungGen      total 76288K, used 7810K [0x000000076b500000, 0x0000000772480000, 0x00000007c0000000)
  eden space 65536K, 0% used [0x000000076b500000,0x000000076b500000,0x000000076f500000)
  from space 10752K, 72% used [0x000000076f500000,0x000000076fca0b30,0x000000076ff80000)
  to   space 10752K, 0% used [0x0000000771a00000,0x0000000771a00000,0x0000000772480000)
 ParOldGen       total 171520K, used 38307K [0x00000006c1e00000, 0x00000006cc580000, 0x000000076b500000)
  object space 171520K, 22% used [0x00000006c1e00000,0x00000006c4368c68,0x00000006cc580000)
 Metaspace       used 24178K, capacity 25214K, committed 25392K, reserved 1071104K
  class space    used 3350K, capacity 3580K, committed 3632K, reserved 1048576K
}

