# JRE version: Java(TM) SE Runtime Environment (8.0_171-b11) (build 1.8.0_171-b11)
# Java VM: Java HotSpot(TM) 64-Bit Server VM (25.171-b11 mixed mode windows-amd64 compressed oops)
Heap:
 PSYoungGen      total 46080K, used 19023K [0x00000000d5e00000, 0x00000000d9100000, 0x0000000100000000)
  eden space 40960K, 33% used [0x00000000d5e00000,0x00000000d6b98cb8,0x00000000d8600000)
  from space 5120K, 99% used [0x00000000d8b00000,0x00000000d8ffb220,0x00000000d9000000)
  to   space 5120K, 0% used [0x00000000d8600000,0x00000000d8600000,0x00000000d8b00000)
 ParOldGen       total 90112K, used 26591K [0x0000000081a00000, 0x0000000087200000, 0x00000000d5e00000)
  object space 90112K, 29% used [0x0000000081a00000,0x00000000833f7d30,0x0000000087200000)
 Metaspace       used 26836K, capacity 27946K, committed 28208K, reserved 1073152K
  class space    used 3618K, capacity 3860K, committed 3888K, reserved 1048576K
GC Heap History (10 events):
Event: 3.495 GC heap before
{Heap before GC invocations=1 (full 0):
 PSYoungGen      total 38400K, used 33280K [0x00000000d5e00000, 0x00000000d8880000, 0x0000000100000000)
  eden space 33280K, 100% used [0x00000000d5e00000,0x00000000d7e80000,0x00000000d7e80000)
  from space 5120K, 0% used [0x00000000d8380000,0x00000000d8380000,0x00000000d8880000)
  to   space 5120K, 0% used [0x00000000d7e80000,0x00000000d7e80000,0x00000000d8380000)
 ParOldGen       total 87552K, used 0K [0x0000000081a00000, 0x0000000086f80000, 0x00000000d5e00000)
  object space 87552K, 0% used [0x0000000081a00000,0x0000000081a00000,0x0000000086f80000)
 Metaspace       used 14073K, capacity 14462K, committed 14720K, reserved 1062912K
  class space    used 1713K, capacity 1832K, committed 1920K, reserved 1048576K
Event: 3.521 GC heap after
Heap after GC invocations=1 (full 0):
 PSYoungGen      total 38400K, used 4578K [0x00000000d5e00000, 0x00000000d8880000, 0x0000000100000000)
  eden space 33280K, 0% used [0x00000000d5e00000,0x00000000d5e00000,0x00000000d7e80000)
  from space 5120K, 89% used [0x00000000d7e80000,0x00000000d82f88c8,0x00000000d8380000)
  to   space 5120K, 0% used [0x00000000d8380000,0x00000000d8380000,0x00000000d8880000)
 ParOldGen       total 87552K, used 80K [0x0000000081a00000, 0x0000000086f80000, 0x00000000d5e00000)
  object space 87552K, 0% used [0x0000000081a00000,0x0000000081a14010,0x0000000086f80000)
 Metaspace       used 14073K, capacity 14462K, committed 14720K, reserved 1062912K
  class space    used 1713K, capacity 1832K, committed 1920K, reserved 1048576K
}
Event: 4.647 GC heap before
{Heap before GC invocations=2 (full 0):
 PSYoungGen      total 38400K, used 25664K [0x00000000d5e00000, 0x00000000d8880000, 0x0000000100000000)
  eden space 33280K, 63% used [0x00000000d5e00000,0x00000000d7297808,0x00000000d7e80000)
  from space 5120K, 89% used [0x00000000d7e80000,0x00000000d82f88c8,0x00000000d8380000)
  to   space 5120K, 0% used [0x00000000d8380000,0x00000000d8380000,0x00000000d8880000)
 ParOldGen       total 87552K, used 19330K [0x0000000081a00000, 0x0000000086f80000, 0x00000000d5e00000)
  object space 87552K, 22% used [0x0000000081a00000,0x0000000082ce0820,0x0000000086f80000)
 Metaspace       used 20256K, capacity 21104K, committed 21296K, reserved 1067008K
  class space    used 2895K, capacity 3089K, committed 3120K, reserved 1048576K
Event: 4.654 GC heap after
Heap after GC invocations=2 (full 0):
 PSYoungGen      total 38400K, used 5091K [0x00000000d5e00000, 0x00000000d8880000, 0x0000000100000000)
  eden space 33280K, 0% used [0x00000000d5e00000,0x00000000d5e00000,0x00000000d7e80000)
  from space 5120K, 99% used [0x00000000d8380000,0x00000000d8878cc0,0x00000000d8880000)
  to   space 5120K, 0% used [0x00000000d7e80000,0x00000000d7e80000,0x00000000d8380000)
 ParOldGen       total 87552K, used 21306K [0x0000000081a00000, 0x0000000086f80000, 0x00000000d5e00000)
  object space 87552K, 24% used [0x0000000081a00000,0x0000000082ece820,0x0000000086f80000)
 Metaspace       used 20256K, capacity 21104K, committed 21296K, reserved 1067008K
  class space    used 2895K, capacity 3089K, committed 3120K, reserved 1048576K
}
Event: 4.654 GC heap before
{Heap before GC invocations=3 (full 1):
 PSYoungGen      total 38400K, used 5091K [0x00000000d5e00000, 0x00000000d8880000, 0x0000000100000000)
  eden space 33280K, 0% used [0x00000000d5e00000,0x00000000d5e00000,0x00000000d7e80000)
  from space 5120K, 99% used [0x00000000d8380000,0x00000000d8878cc0,0x00000000d8880000)
  to   space 5120K, 0% used [0x00000000d7e80000,0x00000000d7e80000,0x00000000d8380000)
 ParOldGen       total 87552K, used 21306K [0x0000000081a00000, 0x0000000086f80000, 0x00000000d5e00000)
  object space 87552K, 24% used [0x0000000081a00000,0x0000000082ece820,0x0000000086f80000)
 Metaspace       used 20256K, capacity 21104K, committed 21296K, reserved 1067008K
  class space    used 2895K, capacity 3089K, committed 3120K, reserved 1048576K
Event: 4.699 GC heap after
Heap after GC invocations=3 (full 1):
 PSYoungGen      total 38400K, used 0K [0x00000000d5e00000, 0x00000000d8880000, 0x0000000100000000)
  eden space 33280K, 0% used [0x00000000d5e00000,0x00000000d5e00000,0x00000000d7e80000)
  from space 5120K, 0% used [0x00000000d8380000,0x00000000d8380000,0x00000000d8880000)
  to   space 5120K, 0% used [0x00000000d7e80000,0x00000000d7e80000,0x00000000d8380000)
 ParOldGen       total 90112K, used 26320K [0x0000000081a00000, 0x0000000087200000, 0x00000000d5e00000)
  object space 90112K, 29% used [0x0000000081a00000,0x00000000833b43f0,0x0000000087200000)
 Metaspace       used 20256K, capacity 21104K, committed 21296K, reserved 1067008K
  class space    used 2895K, capacity 3089K, committed 3120K, reserved 1048576K
}
Event: 11.188 GC heap before
{Heap before GC invocations=4 (full 1):
 PSYoungGen      total 38400K, used 33280K [0x00000000d5e00000, 0x00000000d8880000, 0x0000000100000000)
  eden space 33280K, 100% used [0x00000000d5e00000,0x00000000d7e80000,0x00000000d7e80000)
  from space 5120K, 0% used [0x00000000d8380000,0x00000000d8380000,0x00000000d8880000)
  to   space 5120K, 0% used [0x00000000d7e80000,0x00000000d7e80000,0x00000000d8380000)
 ParOldGen       total 90112K, used 26320K [0x0000000081a00000, 0x0000000087200000, 0x00000000d5e00000)
  object space 90112K, 29% used [0x0000000081a00000,0x00000000833b43f0,0x0000000087200000)
 Metaspace       used 23097K, capacity 24118K, committed 24368K, reserved 1071104K
  class space    used 3266K, capacity 3514K, committed 3632K, reserved 1048576K
Event: 11.197 GC heap after
Heap after GC invocations=4 (full 1):
 PSYoungGen      total 38400K, used 5006K [0x00000000d5e00000, 0x00000000d9000000, 0x0000000100000000)
  eden space 33280K, 0% used [0x00000000d5e00000,0x00000000d5e00000,0x00000000d7e80000)
  from space 5120K, 97% used [0x00000000d7e80000,0x00000000d83639c0,0x00000000d8380000)
  to   space 5120K, 0% used [0x00000000d8b00000,0x00000000d8b00000,0x00000000d9000000)
 ParOldGen       total 90112K, used 26328K [0x0000000081a00000, 0x0000000087200000, 0x00000000d5e00000)
  object space 90112K, 29% used [0x0000000081a00000,0x00000000833b63f0,0x0000000087200000)
 Metaspace       used 23097K, capacity 24118K, committed 24368K, reserved 1071104K
  class space    used 3266K, capacity 3514K, committed 3632K, reserved 1048576K
}
Event: 12.964 GC heap before
{Heap before GC invocations=5 (full 1):
 PSYoungGen      total 38400K, used 38286K [0x00000000d5e00000, 0x00000000d9000000, 0x0000000100000000)
  eden space 33280K, 100% used [0x00000000d5e00000,0x00000000d7e80000,0x00000000d7e80000)
  from space 5120K, 97% used [0x00000000d7e80000,0x00000000d83639c0,0x00000000d8380000)
  to   space 5120K, 0% used [0x00000000d8b00000,0x00000000d8b00000,0x00000000d9000000)
 ParOldGen       total 90112K, used 26328K [0x0000000081a00000, 0x0000000087200000, 0x00000000d5e00000)
  object space 90112K, 29% used [0x0000000081a00000,0x00000000833b63f0,0x0000000087200000)
 Metaspace       used 24450K, capacity 25526K, committed 25776K, reserved 1071104K
  class space    used 3385K, capacity 3642K, committed 3760K, reserved 1048576K
Event: 12.973 GC heap after
Heap after GC invocations=5 (full 1):
 PSYoungGen      total 46080K, used 5100K [0x00000000d5e00000, 0x00000000d9100000, 0x0000000100000000)
  eden space 40960K, 0% used [0x00000000d5e00000,0x00000000d5e00000,0x00000000d8600000)
  from space 5120K, 99% used [0x00000000d8b00000,0x00000000d8ffb220,0x00000000d9000000)
  to   space 5120K, 0% used [0x00000000d8600000,0x00000000d8600000,0x00000000d8b00000)
 ParOldGen       total 90112K, used 26591K [0x0000000081a00000, 0x0000000087200000, 0x00000000d5e00000)
  object space 90112K, 29% used [0x0000000081a00000,0x00000000833f7d30,0x0000000087200000)
 Metaspace       used 24450K, capacity 25526K, committed 25776K, reserved 1071104K
  class space    used 3385K, capacity 3642K, committed 3760K, reserved 1048576K
}

